[25.05.2026 16:52:07] [plugins/mysql] cache_get_value_name_int: field 'posse_bank' not found
[25.05.2026 16:52:07] [plugins/mysql] cache_get_value_name_int: field 'posse_bank_decimal' not found
[25.05.2026 16:52:34] [plugins/mysql] cache_get_value_name_int: field 'attach_character_bone' not found
[25.05.2026 16:52:34] [plugins/mysql] cache_get_value_name_float: field 'attach_character_offsetx' not found
[25.05.2026 16:52:34] [plugins/mysql] cache_get_value_name_float: field 'attach_character_offsety' not found
[25.05.2026 16:52:34] [plugins/mysql] cache_get_value_name_float: field 'attach_character_offsetz' not found
[25.05.2026 16:52:34] [plugins/mysql] cache_get_value_name_float: field 'attach_character_rotx' not found
[25.05.2026 16:52:34] [plugins/mysql] cache_get_value_name_float: field 'attach_character_roty' not found
[25.05.2026 16:52:34] [plugins/mysql] cache_get_value_name_float: field 'attach_character_rotz' not found
[25.05.2026 16:52:34] [plugins/mysql] cache_get_value_name_float: field 'attach_character_scalex' not found
[25.05.2026 16:52:34] [plugins/mysql] cache_get_value_name_float: field 'attach_character_scaley' not found
[25.05.2026 16:52:34] [plugins/mysql] cache_get_value_name_float: field 'attach_character_scalez' not found
[25.05.2026 16:52:34] [plugins/mysql] cache_get_value_name_int: field 'attach_character_visible' not found
[25.05.2026 16:52:34] [plugins/mysql] cache_get_value_name_int: field 'attach_character_bone' not found
[25.05.2026 16:52:34] [plugins/mysql] cache_get_value_name_float: field 'attach_character_offsetx' not found
[25.05.2026 16:52:34] [plugins/mysql] cache_get_value_name_float: field 'attach_character_offsety' not found
[25.05.2026 16:52:34] [plugins/mysql] cache_get_value_name_float: field 'attach_character_offsetz' not found
[25.05.2026 16:52:34] [plugins/mysql] cache_get_value_name_float: field 'attach_character_rotx' not found
[25.05.2026 16:52:34] [plugins/mysql] cache_get_value_name_float: field 'attach_character_roty' not found
[25.05.2026 16:52:34] [plugins/mysql] cache_get_value_name_float: field 'attach_character_rotz' not found
[25.05.2026 16:52:34] [plugins/mysql] cache_get_value_name_float: field 'attach_character_scalex' not found
[25.05.2026 16:52:34] [plugins/mysql] cache_get_value_name_float: field 'attach_character_scaley' not found
[25.05.2026 16:52:34] [plugins/mysql] cache_get_value_name_float: field 'attach_character_scalez' not found
[25.05.2026 16:52:34] [plugins/mysql] cache_get_value_name_int: field 'attach_character_visible' not found
[25.05.2026 16:52:34] [plugins/mysql] cache_get_value_name_int: field 'attach_character_bone' not found
[25.05.2026 16:52:34] [plugins/mysql] cache_get_value_name_float: field 'attach_character_offsetx' not found
[25.05.2026 16:52:34] [plugins/mysql] cache_get_value_name_float: field 'attach_character_offsety' not found
[25.05.2026 16:52:34] [plugins/mysql] cache_get_value_name_float: field 'attach_character_offsetz' not found
[25.05.2026 16:52:34] [plugins/mysql] cache_get_value_name_float: field 'attach_character_rotx' not found
[25.05.2026 16:52:34] [plugins/mysql] cache_get_value_name_float: field 'attach_character_roty' not found
[25.05.2026 16:52:34] [plugins/mysql] cache_get_value_name_float: field 'attach_character_rotz' not found
[25.05.2026 16:52:34] [plugins/mysql] cache_get_value_name_float: field 'attach_character_scalex' not found
[25.05.2026 16:52:34] [plugins/mysql] cache_get_value_name_float: field 'attach_character_scaley' not found
[25.05.2026 16:52:34] [plugins/mysql] cache_get_value_name_float: field 'attach_character_scalez' not found
[25.05.2026 16:52:34] [plugins/mysql] cache_get_value_name_int: field 'attach_character_visible' not found
[25.05.2026 16:52:34] [plugins/mysql] cache_get_value_name_int: field 'attach_character_bone' not found
[25.05.2026 16:52:34] [plugins/mysql] cache_get_value_name_float: field 'attach_character_offsetx' not found
[25.05.2026 16:52:34] [plugins/mysql] cache_get_value_name_float: field 'attach_character_offsety' not found
[25.05.2026 16:52:34] [plugins/mysql] cache_get_value_name_float: field 'attach_character_offsetz' not found
[25.05.2026 16:52:34] [plugins/mysql] cache_get_value_name_float: field 'attach_character_rotx' not found
[25.05.2026 16:52:34] [plugins/mysql] cache_get_value_name_float: field 'attach_character_roty' not found
[25.05.2026 16:52:34] [plugins/mysql] cache_get_value_name_float: field 'attach_character_rotz' not found
[25.05.2026 16:52:34] [plugins/mysql] cache_get_value_name_float: field 'attach_character_scalex' not found
[25.05.2026 16:52:34] [plugins/mysql] cache_get_value_name_float: field 'attach_character_scaley' not found
[25.05.2026 16:52:34] [plugins/mysql] cache_get_value_name_float: field 'attach_character_scalez' not found
[25.05.2026 16:52:34] [plugins/mysql] cache_get_value_name_int: field 'attach_character_visible' not found
[25.05.2026 16:52:34] [plugins/mysql] cache_get_value_name_int: field 'attach_character_bone' not found
[25.05.2026 16:52:34] [plugins/mysql] cache_get_value_name_float: field 'attach_character_offsetx' not found
[25.05.2026 16:52:34] [plugins/mysql] cache_get_value_name_float: field 'attach_character_offsety' not found
[25.05.2026 16:52:34] [plugins/mysql] cache_get_value_name_float: field 'attach_character_offsetz' not found
[25.05.2026 16:52:34] [plugins/mysql] cache_get_value_name_float: field 'attach_character_rotx' not found
[25.05.2026 16:52:34] [plugins/mysql] cache_get_value_name_float: field 'attach_character_roty' not found
[25.05.2026 16:52:34] [plugins/mysql] cache_get_value_name_float: field 'attach_character_rotz' not found
[25.05.2026 16:52:34] [plugins/mysql] cache_get_value_name_float: field 'attach_character_scalex' not found
[25.05.2026 16:52:34] [plugins/mysql] cache_get_value_name_float: field 'attach_character_scaley' not found
[25.05.2026 16:52:34] [plugins/mysql] cache_get_value_name_float: field 'attach_character_scalez' not found
[25.05.2026 16:52:34] [plugins/mysql] cache_get_value_name_int: field 'attach_character_visible' not found
[25.05.2026 16:52:35] [plugins/mysql] cache_get_value_name_int: field 'attach_character_bone' not found
[25.05.2026 16:52:35] [plugins/mysql] cache_get_value_name_float: field 'attach_character_offsetx' not found
[25.05.2026 16:52:35] [plugins/mysql] cache_get_value_name_float: field 'attach_character_offsety' not found
[25.05.2026 16:52:35] [plugins/mysql] cache_get_value_name_float: field 'attach_character_offsetz' not found
[25.05.2026 16:52:35] [plugins/mysql] cache_get_value_name_float: field 'attach_character_rotx' not found
[25.05.2026 16:52:35] [plugins/mysql] cache_get_value_name_float: field 'attach_character_roty' not found
[25.05.2026 16:52:35] [plugins/mysql] cache_get_value_name_float: field 'attach_character_rotz' not found
[25.05.2026 16:52:35] [plugins/mysql] cache_get_value_name_float: field 'attach_character_scalex' not found
[25.05.2026 16:52:35] [plugins/mysql] cache_get_value_name_float: field 'attach_character_scaley' not found
[25.05.2026 16:52:35] [plugins/mysql] cache_get_value_name_float: field 'attach_character_scalez' not found
[25.05.2026 16:52:35] [plugins/mysql] cache_get_value_name_int: field 'attach_character_visible' not found
[25.05.2026 16:52:35] [plugins/mysql] cache_get_value_name_int: field 'attach_character_bone' not found
[25.05.2026 16:52:35] [plugins/mysql] cache_get_value_name_float: field 'attach_character_offsetx' not found
[25.05.2026 16:52:35] [plugins/mysql] cache_get_value_name_float: field 'attach_character_offsety' not found
[25.05.2026 16:52:35] [plugins/mysql] cache_get_value_name_float: field 'attach_character_offsetz' not found
[25.05.2026 16:52:35] [plugins/mysql] cache_get_value_name_float: field 'attach_character_rotx' not found
[25.05.2026 16:52:35] [plugins/mysql] cache_get_value_name_float: field 'attach_character_roty' not found
[25.05.2026 16:52:35] [plugins/mysql] cache_get_value_name_float: field 'attach_character_rotz' not found
[25.05.2026 16:52:35] [plugins/mysql] cache_get_value_name_float: field 'attach_character_scalex' not found
[25.05.2026 16:52:35] [plugins/mysql] cache_get_value_name_float: field 'attach_character_scaley' not found
[25.05.2026 16:52:35] [plugins/mysql] cache_get_value_name_float: field 'attach_character_scalez' not found
[25.05.2026 16:52:35] [plugins/mysql] cache_get_value_name_int: field 'attach_character_visible' not found
[25.05.2026 16:52:35] [plugins/mysql] cache_get_value_name_int: field 'attach_character_bone' not found
[25.05.2026 16:52:35] [plugins/mysql] cache_get_value_name_float: field 'attach_character_offsetx' not found
[25.05.2026 16:52:35] [plugins/mysql] cache_get_value_name_float: field 'attach_character_offsety' not found
[25.05.2026 16:52:35] [plugins/mysql] cache_get_value_name_float: field 'attach_character_offsetz' not found
[25.05.2026 16:52:35] [plugins/mysql] cache_get_value_name_float: field 'attach_character_rotx' not found
[25.05.2026 16:52:35] [plugins/mysql] cache_get_value_name_float: field 'attach_character_roty' not found
[25.05.2026 16:52:35] [plugins/mysql] cache_get_value_name_float: field 'attach_character_rotz' not found
[25.05.2026 16:52:35] [plugins/mysql] cache_get_value_name_float: field 'attach_character_scalex' not found
[25.05.2026 16:52:35] [plugins/mysql] cache_get_value_name_float: field 'attach_character_scaley' not found
[25.05.2026 16:52:35] [plugins/mysql] cache_get_value_name_float: field 'attach_character_scalez' not found
[25.05.2026 16:52:35] [plugins/mysql] cache_get_value_name_int: field 'attach_character_visible' not found
[25.05.2026 16:52:35] [plugins/mysql] cache_get_value_name_int: field 'attach_character_bone' not found
[25.05.2026 16:52:35] [plugins/mysql] cache_get_value_name_float: field 'attach_character_offsetx' not found
[25.05.2026 16:52:35] [plugins/mysql] cache_get_value_name_float: field 'attach_character_offsety' not found
[25.05.2026 16:52:35] [plugins/mysql] cache_get_value_name_float: field 'attach_character_offsetz' not found
[25.05.2026 16:52:35] [plugins/mysql] cache_get_value_name_float: field 'attach_character_rotx' not found
[25.05.2026 16:52:35] [plugins/mysql] cache_get_value_name_float: field 'attach_character_roty' not found
[25.05.2026 16:52:35] [plugins/mysql] cache_get_value_name_float: field 'attach_character_rotz' not found
[25.05.2026 16:52:35] [plugins/mysql] cache_get_value_name_float: field 'attach_character_scalex' not found
[25.05.2026 16:52:35] [plugins/mysql] cache_get_value_name_float: field 'attach_character_scaley' not found
[25.05.2026 16:52:35] [plugins/mysql] cache_get_value_name_float: field 'attach_character_scalez' not found
[25.05.2026 16:52:35] [plugins/mysql] cache_get_value_name_int: field 'attach_character_visible' not found
[25.05.2026 16:52:35] [plugins/mysql] cache_get_value_name_int: field 'attach_character_bone' not found
[25.05.2026 16:52:35] [plugins/mysql] cache_get_value_name_float: field 'attach_character_offsetx' not found
[25.05.2026 16:52:35] [plugins/mysql] cache_get_value_name_float: field 'attach_character_offsety' not found
[25.05.2026 16:52:35] [plugins/mysql] cache_get_value_name_float: field 'attach_character_offsetz' not found
[25.05.2026 16:52:35] [plugins/mysql] cache_get_value_name_float: field 'attach_character_rotx' not found
[25.05.2026 16:52:35] [plugins/mysql] cache_get_value_name_float: field 'attach_character_roty' not found
[25.05.2026 16:52:35] [plugins/mysql] cache_get_value_name_float: field 'attach_character_rotz' not found
[25.05.2026 16:52:35] [plugins/mysql] cache_get_value_name_float: field 'attach_character_scalex' not found
[25.05.2026 16:52:35] [plugins/mysql] cache_get_value_name_float: field 'attach_character_scaley' not found
[25.05.2026 16:52:35] [plugins/mysql] cache_get_value_name_float: field 'attach_character_scalez' not found
[25.05.2026 16:52:35] [plugins/mysql] cache_get_value_name_int: field 'attach_character_visible' not found
[25.05.2026 16:52:35] [plugins/mysql] cache_get_value_name_int: field 'JOB_blacksmith' not found
[25.05.2026 16:56:09] [plugins/mysql] error #1054 while executing query "SELECT furniture_id FROM furniture WHERE furniture_point_id = 4": Unknown column 'furniture_id' in 'field list'
[25.05.2026 16:56:14] [plugins/mysql] error #1054 while executing query "SELECT furniture_id FROM furniture WHERE furniture_point_id = 4": Unknown column 'furniture_id' in 'field list'
